[2015-05-11 16:13:10] lumen.INFO: {"listId":"91098c78ae3e0e7e600b07b57a086cb1","userEmail":"pschneider2@theagencyonline.co.uk","userName":"Paul John Schneider","fields":{"EyeColour":"Purple","Height":"180","Tshirt":"blue"}}  
[2015-05-12 09:17:45] lumen.ERROR: exception 'ErrorException' with message 'Undefined property: CS_REST_Wrapper_Result::$ListID' in /Library/WebServer/Documents/the-agency/email-platform/app/V1/Mailers/CampaignMonitor/Lister.php:104
Stack trace:
#0 /Library/WebServer/Documents/the-agency/email-platform/app/V1/Mailers/CampaignMonitor/Lister.php(104): Laravel\Lumen\Application->Laravel\Lumen\{closure}(8, 'Undefined prope...', '/Library/WebSer...', 104, Array)
#1 /Library/WebServer/Documents/the-agency/email-platform/app/V1/Mailers/CampaignMonitor.php(107): App\V1\Mailers\CampaignMonitor\Lister->getList('9ffe76564af6841...')
#2 /Library/WebServer/Documents/the-agency/email-platform/app/V1/Controllers/ListController.php(12): App\V1\Mailers\CampaignMonitor->getList('9ffe76564af6841...')
#3 [internal function]: App\V1\Controllers\ListController->getList('9ffe76564af6841...')
#4 /Library/WebServer/Documents/the-agency/email-platform/vendor/illuminate/container/Container.php(523): call_user_func_array(Array, Array)
#5 /Library/WebServer/Documents/the-agency/email-platform/vendor/laravel/lumen-framework/src/Application.php(1253): Illuminate\Container\Container->call(Array, Array)
#6 /Library/WebServer/Documents/the-agency/email-platform/vendor/laravel/lumen-framework/src/Application.php(1218): Laravel\Lumen\Application->callControllerCallable(Array, Array)
#7 /Library/WebServer/Documents/the-agency/email-platform/vendor/laravel/lumen-framework/src/Application.php(1189): Laravel\Lumen\Application->callLumenController(Object(App\V1\Controllers\ListController), 'getList', Array)
#8 /Library/WebServer/Documents/the-agency/email-platform/vendor/laravel/lumen-framework/src/Application.php(1157): Laravel\Lumen\Application->callControllerAction(Array)
#9 /Library/WebServer/Documents/the-agency/email-platform/vendor/laravel/lumen-framework/src/Application.php(1142): Laravel\Lumen\Application->callActionOnArrayBasedRoute(Array)
#10 /Library/WebServer/Documents/the-agency/email-platform/vendor/laravel/lumen-framework/src/Application.php(1120): Laravel\Lumen\Application->handleArrayBasedFoundRoute(Array)
#11 /Library/WebServer/Documents/the-agency/email-platform/vendor/laravel/lumen-framework/src/Application.php(1099): Laravel\Lumen\Application->handleFoundRoute(Array)
#12 /Library/WebServer/Documents/the-agency/email-platform/vendor/laravel/lumen-framework/src/Application.php(1063): Laravel\Lumen\Application->handleDispatcherResponse(Array)
#13 /Library/WebServer/Documents/the-agency/email-platform/vendor/laravel/lumen-framework/src/Application.php(1006): Laravel\Lumen\Application->dispatch(NULL)
#14 /Library/WebServer/Documents/the-agency/email-platform/public/index.php(28): Laravel\Lumen\Application->run()
#15 {main}  
[2015-05-12 09:23:56] lumen.ERROR: exception 'ErrorException' with message 'Undefined property: CS_REST_Wrapper_Result::$ListID' in /Library/WebServer/Documents/the-agency/email-platform/app/V1/Mailers/CampaignMonitor/Lister.php:103
Stack trace:
#0 /Library/WebServer/Documents/the-agency/email-platform/app/V1/Mailers/CampaignMonitor/Lister.php(103): Laravel\Lumen\Application->Laravel\Lumen\{closure}(8, 'Undefined prope...', '/Library/WebSer...', 103, Array)
#1 /Library/WebServer/Documents/the-agency/email-platform/app/V1/Mailers/CampaignMonitor.php(108): App\V1\Mailers\CampaignMonitor\Lister->getList('9ffe76564af6841...')
#2 /Library/WebServer/Documents/the-agency/email-platform/app/V1/Controllers/ListController.php(12): App\V1\Mailers\CampaignMonitor->getList('9ffe76564af6841...')
#3 [internal function]: App\V1\Controllers\ListController->getList('9ffe76564af6841...')
#4 /Library/WebServer/Documents/the-agency/email-platform/vendor/illuminate/container/Container.php(523): call_user_func_array(Array, Array)
#5 /Library/WebServer/Documents/the-agency/email-platform/vendor/laravel/lumen-framework/src/Application.php(1253): Illuminate\Container\Container->call(Array, Array)
#6 /Library/WebServer/Documents/the-agency/email-platform/vendor/laravel/lumen-framework/src/Application.php(1218): Laravel\Lumen\Application->callControllerCallable(Array, Array)
#7 /Library/WebServer/Documents/the-agency/email-platform/vendor/laravel/lumen-framework/src/Application.php(1189): Laravel\Lumen\Application->callLumenController(Object(App\V1\Controllers\ListController), 'getList', Array)
#8 /Library/WebServer/Documents/the-agency/email-platform/vendor/laravel/lumen-framework/src/Application.php(1157): Laravel\Lumen\Application->callControllerAction(Array)
#9 /Library/WebServer/Documents/the-agency/email-platform/vendor/laravel/lumen-framework/src/Application.php(1142): Laravel\Lumen\Application->callActionOnArrayBasedRoute(Array)
#10 /Library/WebServer/Documents/the-agency/email-platform/vendor/laravel/lumen-framework/src/Application.php(1120): Laravel\Lumen\Application->handleArrayBasedFoundRoute(Array)
#11 /Library/WebServer/Documents/the-agency/email-platform/vendor/laravel/lumen-framework/src/Application.php(1099): Laravel\Lumen\Application->handleFoundRoute(Array)
#12 /Library/WebServer/Documents/the-agency/email-platform/vendor/laravel/lumen-framework/src/Application.php(1063): Laravel\Lumen\Application->handleDispatcherResponse(Array)
#13 /Library/WebServer/Documents/the-agency/email-platform/vendor/laravel/lumen-framework/src/Application.php(1006): Laravel\Lumen\Application->dispatch(NULL)
#14 /Library/WebServer/Documents/the-agency/email-platform/public/index.php(28): Laravel\Lumen\Application->run()
#15 {main}  
[2015-05-12 09:24:08] lumen.ERROR: exception 'ErrorException' with message 'Undefined property: CS_REST_Wrapper_Result::$ListID' in /Library/WebServer/Documents/the-agency/email-platform/app/V1/Mailers/CampaignMonitor/Lister.php:103
Stack trace:
#0 /Library/WebServer/Documents/the-agency/email-platform/app/V1/Mailers/CampaignMonitor/Lister.php(103): Laravel\Lumen\Application->Laravel\Lumen\{closure}(8, 'Undefined prope...', '/Library/WebSer...', 103, Array)
#1 /Library/WebServer/Documents/the-agency/email-platform/app/V1/Mailers/CampaignMonitor.php(108): App\V1\Mailers\CampaignMonitor\Lister->getList('9ffe76564af6841...')
#2 /Library/WebServer/Documents/the-agency/email-platform/app/V1/Controllers/ListController.php(12): App\V1\Mailers\CampaignMonitor->getList('9ffe76564af6841...')
#3 [internal function]: App\V1\Controllers\ListController->getList('9ffe76564af6841...')
#4 /Library/WebServer/Documents/the-agency/email-platform/vendor/illuminate/container/Container.php(523): call_user_func_array(Array, Array)
#5 /Library/WebServer/Documents/the-agency/email-platform/vendor/laravel/lumen-framework/src/Application.php(1253): Illuminate\Container\Container->call(Array, Array)
#6 /Library/WebServer/Documents/the-agency/email-platform/vendor/laravel/lumen-framework/src/Application.php(1218): Laravel\Lumen\Application->callControllerCallable(Array, Array)
#7 /Library/WebServer/Documents/the-agency/email-platform/vendor/laravel/lumen-framework/src/Application.php(1189): Laravel\Lumen\Application->callLumenController(Object(App\V1\Controllers\ListController), 'getList', Array)
#8 /Library/WebServer/Documents/the-agency/email-platform/vendor/laravel/lumen-framework/src/Application.php(1157): Laravel\Lumen\Application->callControllerAction(Array)
#9 /Library/WebServer/Documents/the-agency/email-platform/vendor/laravel/lumen-framework/src/Application.php(1142): Laravel\Lumen\Application->callActionOnArrayBasedRoute(Array)
#10 /Library/WebServer/Documents/the-agency/email-platform/vendor/laravel/lumen-framework/src/Application.php(1120): Laravel\Lumen\Application->handleArrayBasedFoundRoute(Array)
#11 /Library/WebServer/Documents/the-agency/email-platform/vendor/laravel/lumen-framework/src/Application.php(1099): Laravel\Lumen\Application->handleFoundRoute(Array)
#12 /Library/WebServer/Documents/the-agency/email-platform/vendor/laravel/lumen-framework/src/Application.php(1063): Laravel\Lumen\Application->handleDispatcherResponse(Array)
#13 /Library/WebServer/Documents/the-agency/email-platform/vendor/laravel/lumen-framework/src/Application.php(1006): Laravel\Lumen\Application->dispatch(NULL)
#14 /Library/WebServer/Documents/the-agency/email-platform/public/index.php(28): Laravel\Lumen\Application->run()
#15 {main}  
[2015-05-12 09:25:17] lumen.ERROR: exception 'ErrorException' with message 'Undefined property: CS_REST_Wrapper_Result::$ListID' in /Library/WebServer/Documents/the-agency/email-platform/app/V1/Mailers/CampaignMonitor/Lister.php:103
Stack trace:
#0 /Library/WebServer/Documents/the-agency/email-platform/app/V1/Mailers/CampaignMonitor/Lister.php(103): Laravel\Lumen\Application->Laravel\Lumen\{closure}(8, 'Undefined prope...', '/Library/WebSer...', 103, Array)
#1 /Library/WebServer/Documents/the-agency/email-platform/app/V1/Mailers/CampaignMonitor.php(108): App\V1\Mailers\CampaignMonitor\Lister->getList('91098c78ae3e0e7...')
#2 /Library/WebServer/Documents/the-agency/email-platform/app/V1/Controllers/ListController.php(12): App\V1\Mailers\CampaignMonitor->getList('91098c78ae3e0e7...')
#3 [internal function]: App\V1\Controllers\ListController->getList('91098c78ae3e0e7...')
#4 /Library/WebServer/Documents/the-agency/email-platform/vendor/illuminate/container/Container.php(523): call_user_func_array(Array, Array)
#5 /Library/WebServer/Documents/the-agency/email-platform/vendor/laravel/lumen-framework/src/Application.php(1253): Illuminate\Container\Container->call(Array, Array)
#6 /Library/WebServer/Documents/the-agency/email-platform/vendor/laravel/lumen-framework/src/Application.php(1218): Laravel\Lumen\Application->callControllerCallable(Array, Array)
#7 /Library/WebServer/Documents/the-agency/email-platform/vendor/laravel/lumen-framework/src/Application.php(1189): Laravel\Lumen\Application->callLumenController(Object(App\V1\Controllers\ListController), 'getList', Array)
#8 /Library/WebServer/Documents/the-agency/email-platform/vendor/laravel/lumen-framework/src/Application.php(1157): Laravel\Lumen\Application->callControllerAction(Array)
#9 /Library/WebServer/Documents/the-agency/email-platform/vendor/laravel/lumen-framework/src/Application.php(1142): Laravel\Lumen\Application->callActionOnArrayBasedRoute(Array)
#10 /Library/WebServer/Documents/the-agency/email-platform/vendor/laravel/lumen-framework/src/Application.php(1120): Laravel\Lumen\Application->handleArrayBasedFoundRoute(Array)
#11 /Library/WebServer/Documents/the-agency/email-platform/vendor/laravel/lumen-framework/src/Application.php(1099): Laravel\Lumen\Application->handleFoundRoute(Array)
#12 /Library/WebServer/Documents/the-agency/email-platform/vendor/laravel/lumen-framework/src/Application.php(1063): Laravel\Lumen\Application->handleDispatcherResponse(Array)
#13 /Library/WebServer/Documents/the-agency/email-platform/vendor/laravel/lumen-framework/src/Application.php(1006): Laravel\Lumen\Application->dispatch(NULL)
#14 /Library/WebServer/Documents/the-agency/email-platform/public/index.php(28): Laravel\Lumen\Application->run()
#15 {main}  
[2015-05-12 09:48:33] lumen.ERROR: exception 'ErrorException' with message 'Accessing static property App\V1\Mailers\CampaignMonitor\Lister::$error as non static' in /Library/WebServer/Documents/the-agency/email-platform/app/V1/Mailers/CampaignMonitor/Lister.php:92
Stack trace:
#0 /Library/WebServer/Documents/the-agency/email-platform/app/V1/Mailers/CampaignMonitor/Lister.php(92): Laravel\Lumen\Application->Laravel\Lumen\{closure}(2048, 'Accessing stati...', '/Library/WebSer...', 92, Array)
#1 /Library/WebServer/Documents/the-agency/email-platform/app/V1/Mailers/CampaignMonitor.php(108): App\V1\Mailers\CampaignMonitor\Lister->getList('9ffe76564af6841...')
#2 /Library/WebServer/Documents/the-agency/email-platform/app/V1/Controllers/ListController.php(12): App\V1\Mailers\CampaignMonitor->getList('9ffe76564af6841...')
#3 [internal function]: App\V1\Controllers\ListController->getList('9ffe76564af6841...')
#4 /Library/WebServer/Documents/the-agency/email-platform/vendor/illuminate/container/Container.php(523): call_user_func_array(Array, Array)
#5 /Library/WebServer/Documents/the-agency/email-platform/vendor/laravel/lumen-framework/src/Application.php(1253): Illuminate\Container\Container->call(Array, Array)
#6 /Library/WebServer/Documents/the-agency/email-platform/vendor/laravel/lumen-framework/src/Application.php(1218): Laravel\Lumen\Application->callControllerCallable(Array, Array)
#7 /Library/WebServer/Documents/the-agency/email-platform/vendor/laravel/lumen-framework/src/Application.php(1189): Laravel\Lumen\Application->callLumenController(Object(App\V1\Controllers\ListController), 'getList', Array)
#8 /Library/WebServer/Documents/the-agency/email-platform/vendor/laravel/lumen-framework/src/Application.php(1157): Laravel\Lumen\Application->callControllerAction(Array)
#9 /Library/WebServer/Documents/the-agency/email-platform/vendor/laravel/lumen-framework/src/Application.php(1142): Laravel\Lumen\Application->callActionOnArrayBasedRoute(Array)
#10 /Library/WebServer/Documents/the-agency/email-platform/vendor/laravel/lumen-framework/src/Application.php(1120): Laravel\Lumen\Application->handleArrayBasedFoundRoute(Array)
#11 /Library/WebServer/Documents/the-agency/email-platform/vendor/laravel/lumen-framework/src/Application.php(1099): Laravel\Lumen\Application->handleFoundRoute(Array)
#12 /Library/WebServer/Documents/the-agency/email-platform/vendor/laravel/lumen-framework/src/Application.php(1063): Laravel\Lumen\Application->handleDispatcherResponse(Array)
#13 /Library/WebServer/Documents/the-agency/email-platform/vendor/laravel/lumen-framework/src/Application.php(1006): Laravel\Lumen\Application->dispatch(NULL)
#14 /Library/WebServer/Documents/the-agency/email-platform/public/index.php(28): Laravel\Lumen\Application->run()
#15 {main}  
